<?xml version="1.0" encoding="UTF-8"?>
<testsuite xmlns:xsi="http://www.w3.org/2001/XMLSchema-instance" xsi:noNamespaceSchemaLocation="https://maven.apache.org/surefire/maven-surefire-plugin/xsd/surefire-test-report.xsd" name="smoketest.data.elasticsearch.SampleElasticsearchApplicationTests" time="2.083" tests="1" errors="0" skipped="0" failures="0">
  <properties>
    <property name="gopherProxySet" value="false"/>
    <property name="awt.toolkit" value="sun.lwawt.macosx.LWCToolkit"/>
    <property name="file.encoding.pkg" value="sun.io"/>
    <property name="java.specification.version" value="1.8"/>
    <property name="sun.cpu.isalist" value=""/>
    <property name="sun.jnu.encoding" value="UTF-8"/>
    <property name="java.class.path" value="/Users/shanshu/github/mygithub/spring-boot-2.2.x/spring-boot-tests/spring-boot-smoke-tests/spring-boot-smoke-test-data-elasticsearch/target/test-classes:/Users/shanshu/github/mygithub/spring-boot-2.2.x/spring-boot-tests/spring-boot-smoke-tests/spring-boot-smoke-test-data-elasticsearch/target/classes:/Users/shanshu/softinstall/maven/repository/org/springframework/boot/spring-boot-starter/2.2.12.BUILD-SNAPSHOT/spring-boot-starter-2.2.12.BUILD-SNAPSHOT.jar:/Users/shanshu/softinstall/maven/repository/org/springframework/boot/spring-boot/2.2.12.BUILD-SNAPSHOT/spring-boot-2.2.12.BUILD-SNAPSHOT.jar:/Users/shanshu/softinstall/maven/repository/org/springframework/spring-context/5.2.10.RELEASE/spring-context-5.2.10.RELEASE.jar:/Users/shanshu/softinstall/maven/repository/org/springframework/spring-aop/5.2.10.RELEASE/spring-aop-5.2.10.RELEASE.jar:/Users/shanshu/softinstall/maven/repository/org/springframework/spring-beans/5.2.10.RELEASE/spring-beans-5.2.10.RELEASE.jar:/Users/shanshu/softinstall/maven/repository/org/springframework/spring-expression/5.2.10.RELEASE/spring-expression-5.2.10.RELEASE.jar:/Users/shanshu/softinstall/maven/repository/org/springframework/boot/spring-boot-autoconfigure/2.2.12.BUILD-SNAPSHOT/spring-boot-autoconfigure-2.2.12.BUILD-SNAPSHOT.jar:/Users/shanshu/softinstall/maven/repository/org/springframework/boot/spring-boot-starter-logging/2.2.12.BUILD-SNAPSHOT/spring-boot-starter-logging-2.2.12.BUILD-SNAPSHOT.jar:/Users/shanshu/softinstall/maven/repository/ch/qos/logback/logback-classic/1.2.3/logback-classic-1.2.3.jar:/Users/shanshu/softinstall/maven/repository/ch/qos/logback/logback-core/1.2.3/logback-core-1.2.3.jar:/Users/shanshu/softinstall/maven/repository/org/apache/logging/log4j/log4j-to-slf4j/2.12.1/log4j-to-slf4j-2.12.1.jar:/Users/shanshu/softinstall/maven/repository/org/apache/logging/log4j/log4j-api/2.12.1/log4j-api-2.12.1.jar:/Users/shanshu/softinstall/maven/repository/org/slf4j/jul-to-slf4j/1.7.30/jul-to-slf4j-1.7.30.jar:/Users/shanshu/softinstall/maven/repository/jakarta/annotation/jakarta.annotation-api/1.3.5/jakarta.annotation-api-1.3.5.jar:/Users/shanshu/softinstall/maven/repository/org/springframework/spring-core/5.2.10.RELEASE/spring-core-5.2.10.RELEASE.jar:/Users/shanshu/softinstall/maven/repository/org/springframework/spring-jcl/5.2.10.RELEASE/spring-jcl-5.2.10.RELEASE.jar:/Users/shanshu/softinstall/maven/repository/org/yaml/snakeyaml/1.25/snakeyaml-1.25.jar:/Users/shanshu/softinstall/maven/repository/org/springframework/boot/spring-boot-starter-data-elasticsearch/2.2.12.BUILD-SNAPSHOT/spring-boot-starter-data-elasticsearch-2.2.12.BUILD-SNAPSHOT.jar:/Users/shanshu/softinstall/maven/repository/org/springframework/data/spring-data-elasticsearch/3.2.11.RELEASE/spring-data-elasticsearch-3.2.11.RELEASE.jar:/Users/shanshu/softinstall/maven/repository/org/springframework/spring-tx/5.2.10.RELEASE/spring-tx-5.2.10.RELEASE.jar:/Users/shanshu/softinstall/maven/repository/org/springframework/data/spring-data-commons/2.2.11.RELEASE/spring-data-commons-2.2.11.RELEASE.jar:/Users/shanshu/softinstall/maven/repository/joda-time/joda-time/2.10.8/joda-time-2.10.8.jar:/Users/shanshu/softinstall/maven/repository/org/elasticsearch/client/transport/6.8.13/transport-6.8.13.jar:/Users/shanshu/softinstall/maven/repository/org/elasticsearch/elasticsearch/6.8.13/elasticsearch-6.8.13.jar:/Users/shanshu/softinstall/maven/repository/org/elasticsearch/elasticsearch-core/6.8.13/elasticsearch-core-6.8.13.jar:/Users/shanshu/softinstall/maven/repository/org/elasticsearch/elasticsearch-secure-sm/6.8.13/elasticsearch-secure-sm-6.8.13.jar:/Users/shanshu/softinstall/maven/repository/org/elasticsearch/elasticsearch-x-content/6.8.13/elasticsearch-x-content-6.8.13.jar:/Users/shanshu/softinstall/maven/repository/com/fasterxml/jackson/dataformat/jackson-dataformat-smile/2.10.5/jackson-dataformat-smile-2.10.5.jar:/Users/shanshu/softinstall/maven/repository/com/fasterxml/jackson/dataformat/jackson-dataformat-yaml/2.10.5/jackson-dataformat-yaml-2.10.5.jar:/Users/shanshu/softinstall/maven/repository/com/fasterxml/jackson/dataformat/jackson-dataformat-cbor/2.10.5/jackson-dataformat-cbor-2.10.5.jar:/Users/shanshu/softinstall/maven/repository/org/apache/lucene/lucene-core/7.7.3/lucene-core-7.7.3.jar:/Users/shanshu/softinstall/maven/repository/org/apache/lucene/lucene-analyzers-common/7.7.3/lucene-analyzers-common-7.7.3.jar:/Users/shanshu/softinstall/maven/repository/org/apache/lucene/lucene-backward-codecs/7.7.3/lucene-backward-codecs-7.7.3.jar:/Users/shanshu/softinstall/maven/repository/org/apache/lucene/lucene-grouping/7.7.3/lucene-grouping-7.7.3.jar:/Users/shanshu/softinstall/maven/repository/org/apache/lucene/lucene-highlighter/7.7.3/lucene-highlighter-7.7.3.jar:/Users/shanshu/softinstall/maven/repository/org/apache/lucene/lucene-join/7.7.3/lucene-join-7.7.3.jar:/Users/shanshu/softinstall/maven/repository/org/apache/lucene/lucene-memory/7.7.3/lucene-memory-7.7.3.jar:/Users/shanshu/softinstall/maven/repository/org/apache/lucene/lucene-misc/7.7.3/lucene-misc-7.7.3.jar:/Users/shanshu/softinstall/maven/repository/org/apache/lucene/lucene-queries/7.7.3/lucene-queries-7.7.3.jar:/Users/shanshu/softinstall/maven/repository/org/apache/lucene/lucene-queryparser/7.7.3/lucene-queryparser-7.7.3.jar:/Users/shanshu/softinstall/maven/repository/org/apache/lucene/lucene-sandbox/7.7.3/lucene-sandbox-7.7.3.jar:/Users/shanshu/softinstall/maven/repository/org/apache/lucene/lucene-spatial/7.7.3/lucene-spatial-7.7.3.jar:/Users/shanshu/softinstall/maven/repository/org/apache/lucene/lucene-spatial-extras/7.7.3/lucene-spatial-extras-7.7.3.jar:/Users/shanshu/softinstall/maven/repository/org/apache/lucene/lucene-spatial3d/7.7.3/lucene-spatial3d-7.7.3.jar:/Users/shanshu/softinstall/maven/repository/org/apache/lucene/lucene-suggest/7.7.3/lucene-suggest-7.7.3.jar:/Users/shanshu/softinstall/maven/repository/org/elasticsearch/elasticsearch-cli/6.8.13/elasticsearch-cli-6.8.13.jar:/Users/shanshu/softinstall/maven/repository/net/sf/jopt-simple/jopt-simple/5.0.2/jopt-simple-5.0.2.jar:/Users/shanshu/softinstall/maven/repository/com/carrotsearch/hppc/0.7.1/hppc-0.7.1.jar:/Users/shanshu/softinstall/maven/repository/com/tdunning/t-digest/3.2/t-digest-3.2.jar:/Users/shanshu/softinstall/maven/repository/org/hdrhistogram/HdrHistogram/2.1.9/HdrHistogram-2.1.9.jar:/Users/shanshu/softinstall/maven/repository/org/elasticsearch/jna/5.5.0/jna-5.5.0.jar:/Users/shanshu/softinstall/maven/repository/org/elasticsearch/plugin/reindex-client/6.8.13/reindex-client-6.8.13.jar:/Users/shanshu/softinstall/maven/repository/org/elasticsearch/elasticsearch-ssl-config/6.8.13/elasticsearch-ssl-config-6.8.13.jar:/Users/shanshu/softinstall/maven/repository/org/elasticsearch/plugin/lang-mustache-client/6.8.13/lang-mustache-client-6.8.13.jar:/Users/shanshu/softinstall/maven/repository/com/github/spullara/mustache/java/compiler/0.9.3/compiler-0.9.3.jar:/Users/shanshu/softinstall/maven/repository/org/elasticsearch/plugin/percolator-client/6.8.13/percolator-client-6.8.13.jar:/Users/shanshu/softinstall/maven/repository/org/elasticsearch/plugin/parent-join-client/6.8.13/parent-join-client-6.8.13.jar:/Users/shanshu/softinstall/maven/repository/org/elasticsearch/plugin/rank-eval-client/6.8.13/rank-eval-client-6.8.13.jar:/Users/shanshu/softinstall/maven/repository/org/elasticsearch/plugin/transport-netty4-client/6.8.13/transport-netty4-client-6.8.13.jar:/Users/shanshu/softinstall/maven/repository/io/netty/netty-buffer/4.1.53.Final/netty-buffer-4.1.53.Final.jar:/Users/shanshu/softinstall/maven/repository/io/netty/netty-codec/4.1.53.Final/netty-codec-4.1.53.Final.jar:/Users/shanshu/softinstall/maven/repository/io/netty/netty-codec-http/4.1.53.Final/netty-codec-http-4.1.53.Final.jar:/Users/shanshu/softinstall/maven/repository/io/netty/netty-common/4.1.53.Final/netty-common-4.1.53.Final.jar:/Users/shanshu/softinstall/maven/repository/io/netty/netty-handler/4.1.53.Final/netty-handler-4.1.53.Final.jar:/Users/shanshu/softinstall/maven/repository/io/netty/netty-resolver/4.1.53.Final/netty-resolver-4.1.53.Final.jar:/Users/shanshu/softinstall/maven/repository/io/netty/netty-transport/4.1.53.Final/netty-transport-4.1.53.Final.jar:/Users/shanshu/softinstall/maven/repository/org/elasticsearch/client/elasticsearch-rest-high-level-client/6.8.13/elasticsearch-rest-high-level-client-6.8.13.jar:/Users/shanshu/softinstall/maven/repository/org/elasticsearch/client/elasticsearch-rest-client/6.8.13/elasticsearch-rest-client-6.8.13.jar:/Users/shanshu/softinstall/maven/repository/org/apache/httpcomponents/httpclient/4.5.13/httpclient-4.5.13.jar:/Users/shanshu/softinstall/maven/repository/org/apache/httpcomponents/httpcore/4.4.13/httpcore-4.4.13.jar:/Users/shanshu/softinstall/maven/repository/org/apache/httpcomponents/httpasyncclient/4.1.4/httpasyncclient-4.1.4.jar:/Users/shanshu/softinstall/maven/repository/org/apache/httpcomponents/httpcore-nio/4.4.13/httpcore-nio-4.4.13.jar:/Users/shanshu/softinstall/maven/repository/commons-codec/commons-codec/1.13/commons-codec-1.13.jar:/Users/shanshu/softinstall/maven/repository/org/elasticsearch/plugin/aggs-matrix-stats-client/6.8.13/aggs-matrix-stats-client-6.8.13.jar:/Users/shanshu/softinstall/maven/repository/com/fasterxml/jackson/core/jackson-core/2.10.5/jackson-core-2.10.5.jar:/Users/shanshu/softinstall/maven/repository/com/fasterxml/jackson/core/jackson-databind/2.10.5/jackson-databind-2.10.5.jar:/Users/shanshu/softinstall/maven/repository/com/fasterxml/jackson/core/jackson-annotations/2.10.5/jackson-annotations-2.10.5.jar:/Users/shanshu/softinstall/maven/repository/org/slf4j/slf4j-api/1.7.30/slf4j-api-1.7.30.jar:/Users/shanshu/softinstall/maven/repository/org/springframework/boot/spring-boot-starter-test/2.2.12.BUILD-SNAPSHOT/spring-boot-starter-test-2.2.12.BUILD-SNAPSHOT.jar:/Users/shanshu/softinstall/maven/repository/org/springframework/boot/spring-boot-test/2.2.12.BUILD-SNAPSHOT/spring-boot-test-2.2.12.BUILD-SNAPSHOT.jar:/Users/shanshu/softinstall/maven/repository/org/springframework/boot/spring-boot-test-autoconfigure/2.2.12.BUILD-SNAPSHOT/spring-boot-test-autoconfigure-2.2.12.BUILD-SNAPSHOT.jar:/Users/shanshu/softinstall/maven/repository/com/jayway/jsonpath/json-path/2.4.0/json-path-2.4.0.jar:/Users/shanshu/softinstall/maven/repository/net/minidev/json-smart/2.3/json-smart-2.3.jar:/Users/shanshu/softinstall/maven/repository/net/minidev/accessors-smart/1.2/accessors-smart-1.2.jar:/Users/shanshu/softinstall/maven/repository/org/ow2/asm/asm/5.0.4/asm-5.0.4.jar:/Users/shanshu/softinstall/maven/repository/jakarta/xml/bind/jakarta.xml.bind-api/2.3.3/jakarta.xml.bind-api-2.3.3.jar:/Users/shanshu/softinstall/maven/repository/jakarta/activation/jakarta.activation-api/1.2.2/jakarta.activation-api-1.2.2.jar:/Users/shanshu/softinstall/maven/repository/org/junit/jupiter/junit-jupiter/5.5.2/junit-jupiter-5.5.2.jar:/Users/shanshu/softinstall/maven/repository/org/junit/jupiter/junit-jupiter-api/5.5.2/junit-jupiter-api-5.5.2.jar:/Users/shanshu/softinstall/maven/repository/org/opentest4j/opentest4j/1.2.0/opentest4j-1.2.0.jar:/Users/shanshu/softinstall/maven/repository/org/junit/platform/junit-platform-commons/1.5.2/junit-platform-commons-1.5.2.jar:/Users/shanshu/softinstall/maven/repository/org/junit/jupiter/junit-jupiter-params/5.5.2/junit-jupiter-params-5.5.2.jar:/Users/shanshu/softinstall/maven/repository/org/junit/jupiter/junit-jupiter-engine/5.5.2/junit-jupiter-engine-5.5.2.jar:/Users/shanshu/softinstall/maven/repository/org/junit/vintage/junit-vintage-engine/5.5.2/junit-vintage-engine-5.5.2.jar:/Users/shanshu/softinstall/maven/repository/org/apiguardian/apiguardian-api/1.1.0/apiguardian-api-1.1.0.jar:/Users/shanshu/softinstall/maven/repository/org/junit/platform/junit-platform-engine/1.5.2/junit-platform-engine-1.5.2.jar:/Users/shanshu/softinstall/maven/repository/junit/junit/4.12/junit-4.12.jar:/Users/shanshu/softinstall/maven/repository/org/mockito/mockito-junit-jupiter/3.1.0/mockito-junit-jupiter-3.1.0.jar:/Users/shanshu/softinstall/maven/repository/org/assertj/assertj-core/3.13.2/assertj-core-3.13.2.jar:/Users/shanshu/softinstall/maven/repository/org/hamcrest/hamcrest/2.1/hamcrest-2.1.jar:/Users/shanshu/softinstall/maven/repository/org/mockito/mockito-core/3.1.0/mockito-core-3.1.0.jar:/Users/shanshu/softinstall/maven/repository/net/bytebuddy/byte-buddy/1.10.17/byte-buddy-1.10.17.jar:/Users/shanshu/softinstall/maven/repository/net/bytebuddy/byte-buddy-agent/1.10.17/byte-buddy-agent-1.10.17.jar:/Users/shanshu/softinstall/maven/repository/org/objenesis/objenesis/2.6/objenesis-2.6.jar:/Users/shanshu/softinstall/maven/repository/org/skyscreamer/jsonassert/1.5.0/jsonassert-1.5.0.jar:/Users/shanshu/softinstall/maven/repository/com/vaadin/external/google/android-json/0.0.20131108.vaadin1/android-json-0.0.20131108.vaadin1.jar:/Users/shanshu/softinstall/maven/repository/org/springframework/spring-test/5.2.10.RELEASE/spring-test-5.2.10.RELEASE.jar:/Users/shanshu/softinstall/maven/repository/org/xmlunit/xmlunit-core/2.6.4/xmlunit-core-2.6.4.jar:"/>
    <property name="java.vm.vendor" value="Oracle Corporation"/>
    <property name="sun.arch.data.model" value="64"/>
    <property name="java.vendor.url" value="http://java.oracle.com/"/>
    <property name="user.timezone" value=""/>
    <property name="java.vm.specification.version" value="1.8"/>
    <property name="os.name" value="Mac OS X"/>
    <property name="user.country" value="CN"/>
    <property name="sun.java.launcher" value="SUN_STANDARD"/>
    <property name="sun.boot.library.path" value="/Library/Java/JavaVirtualMachines/jdk1.8.0_211.jdk/Contents/Home/jre/lib"/>
    <property name="sun.java.command" value="/Users/shanshu/github/mygithub/spring-boot-2.2.x/spring-boot-tests/spring-boot-smoke-tests/spring-boot-smoke-test-data-elasticsearch/target/surefire/surefirebooter1793724778779565813.jar /Users/shanshu/github/mygithub/spring-boot-2.2.x/spring-boot-tests/spring-boot-smoke-tests/spring-boot-smoke-test-data-elasticsearch/target/surefire 2020-11-30T18-47-43_444-jvmRun1 surefire2530449080498721038tmp surefire_127418683153317755864tmp"/>
    <property name="http.nonProxyHosts" value="local|*.local|169.254/16|*.169.254/16|172.31.5.187|172.31.1.82|172.31.2.34|internal.cardopt.com|*.internal.cardopt.com|jupyter.internal.cardopt.com|*.jupyter.internal.cardopt.com|jms.internal.cardopt.com|*.jms.internal.cardopt.com|webdav.cardopt.com|*.webdav.cardopt.com|nc.internal.cardopt.com|*.nc.internal.cardopt.com"/>
    <property name="surefire.test.class.path" value="/Users/shanshu/github/mygithub/spring-boot-2.2.x/spring-boot-tests/spring-boot-smoke-tests/spring-boot-smoke-test-data-elasticsearch/target/test-classes:/Users/shanshu/github/mygithub/spring-boot-2.2.x/spring-boot-tests/spring-boot-smoke-tests/spring-boot-smoke-test-data-elasticsearch/target/classes:/Users/shanshu/softinstall/maven/repository/org/springframework/boot/spring-boot-starter/2.2.12.BUILD-SNAPSHOT/spring-boot-starter-2.2.12.BUILD-SNAPSHOT.jar:/Users/shanshu/softinstall/maven/repository/org/springframework/boot/spring-boot/2.2.12.BUILD-SNAPSHOT/spring-boot-2.2.12.BUILD-SNAPSHOT.jar:/Users/shanshu/softinstall/maven/repository/org/springframework/spring-context/5.2.10.RELEASE/spring-context-5.2.10.RELEASE.jar:/Users/shanshu/softinstall/maven/repository/org/springframework/spring-aop/5.2.10.RELEASE/spring-aop-5.2.10.RELEASE.jar:/Users/shanshu/softinstall/maven/repository/org/springframework/spring-beans/5.2.10.RELEASE/spring-beans-5.2.10.RELEASE.jar:/Users/shanshu/softinstall/maven/repository/org/springframework/spring-expression/5.2.10.RELEASE/spring-expression-5.2.10.RELEASE.jar:/Users/shanshu/softinstall/maven/repository/org/springframework/boot/spring-boot-autoconfigure/2.2.12.BUILD-SNAPSHOT/spring-boot-autoconfigure-2.2.12.BUILD-SNAPSHOT.jar:/Users/shanshu/softinstall/maven/repository/org/springframework/boot/spring-boot-starter-logging/2.2.12.BUILD-SNAPSHOT/spring-boot-starter-logging-2.2.12.BUILD-SNAPSHOT.jar:/Users/shanshu/softinstall/maven/repository/ch/qos/logback/logback-classic/1.2.3/logback-classic-1.2.3.jar:/Users/shanshu/softinstall/maven/repository/ch/qos/logback/logback-core/1.2.3/logback-core-1.2.3.jar:/Users/shanshu/softinstall/maven/repository/org/apache/logging/log4j/log4j-to-slf4j/2.12.1/log4j-to-slf4j-2.12.1.jar:/Users/shanshu/softinstall/maven/repository/org/apache/logging/log4j/log4j-api/2.12.1/log4j-api-2.12.1.jar:/Users/shanshu/softinstall/maven/repository/org/slf4j/jul-to-slf4j/1.7.30/jul-to-slf4j-1.7.30.jar:/Users/shanshu/softinstall/maven/repository/jakarta/annotation/jakarta.annotation-api/1.3.5/jakarta.annotation-api-1.3.5.jar:/Users/shanshu/softinstall/maven/repository/org/springframework/spring-core/5.2.10.RELEASE/spring-core-5.2.10.RELEASE.jar:/Users/shanshu/softinstall/maven/repository/org/springframework/spring-jcl/5.2.10.RELEASE/spring-jcl-5.2.10.RELEASE.jar:/Users/shanshu/softinstall/maven/repository/org/yaml/snakeyaml/1.25/snakeyaml-1.25.jar:/Users/shanshu/softinstall/maven/repository/org/springframework/boot/spring-boot-starter-data-elasticsearch/2.2.12.BUILD-SNAPSHOT/spring-boot-starter-data-elasticsearch-2.2.12.BUILD-SNAPSHOT.jar:/Users/shanshu/softinstall/maven/repository/org/springframework/data/spring-data-elasticsearch/3.2.11.RELEASE/spring-data-elasticsearch-3.2.11.RELEASE.jar:/Users/shanshu/softinstall/maven/repository/org/springframework/spring-tx/5.2.10.RELEASE/spring-tx-5.2.10.RELEASE.jar:/Users/shanshu/softinstall/maven/repository/org/springframework/data/spring-data-commons/2.2.11.RELEASE/spring-data-commons-2.2.11.RELEASE.jar:/Users/shanshu/softinstall/maven/repository/joda-time/joda-time/2.10.8/joda-time-2.10.8.jar:/Users/shanshu/softinstall/maven/repository/org/elasticsearch/client/transport/6.8.13/transport-6.8.13.jar:/Users/shanshu/softinstall/maven/repository/org/elasticsearch/elasticsearch/6.8.13/elasticsearch-6.8.13.jar:/Users/shanshu/softinstall/maven/repository/org/elasticsearch/elasticsearch-core/6.8.13/elasticsearch-core-6.8.13.jar:/Users/shanshu/softinstall/maven/repository/org/elasticsearch/elasticsearch-secure-sm/6.8.13/elasticsearch-secure-sm-6.8.13.jar:/Users/shanshu/softinstall/maven/repository/org/elasticsearch/elasticsearch-x-content/6.8.13/elasticsearch-x-content-6.8.13.jar:/Users/shanshu/softinstall/maven/repository/com/fasterxml/jackson/dataformat/jackson-dataformat-smile/2.10.5/jackson-dataformat-smile-2.10.5.jar:/Users/shanshu/softinstall/maven/repository/com/fasterxml/jackson/dataformat/jackson-dataformat-yaml/2.10.5/jackson-dataformat-yaml-2.10.5.jar:/Users/shanshu/softinstall/maven/repository/com/fasterxml/jackson/dataformat/jackson-dataformat-cbor/2.10.5/jackson-dataformat-cbor-2.10.5.jar:/Users/shanshu/softinstall/maven/repository/org/apache/lucene/lucene-core/7.7.3/lucene-core-7.7.3.jar:/Users/shanshu/softinstall/maven/repository/org/apache/lucene/lucene-analyzers-common/7.7.3/lucene-analyzers-common-7.7.3.jar:/Users/shanshu/softinstall/maven/repository/org/apache/lucene/lucene-backward-codecs/7.7.3/lucene-backward-codecs-7.7.3.jar:/Users/shanshu/softinstall/maven/repository/org/apache/lucene/lucene-grouping/7.7.3/lucene-grouping-7.7.3.jar:/Users/shanshu/softinstall/maven/repository/org/apache/lucene/lucene-highlighter/7.7.3/lucene-highlighter-7.7.3.jar:/Users/shanshu/softinstall/maven/repository/org/apache/lucene/lucene-join/7.7.3/lucene-join-7.7.3.jar:/Users/shanshu/softinstall/maven/repository/org/apache/lucene/lucene-memory/7.7.3/lucene-memory-7.7.3.jar:/Users/shanshu/softinstall/maven/repository/org/apache/lucene/lucene-misc/7.7.3/lucene-misc-7.7.3.jar:/Users/shanshu/softinstall/maven/repository/org/apache/lucene/lucene-queries/7.7.3/lucene-queries-7.7.3.jar:/Users/shanshu/softinstall/maven/repository/org/apache/lucene/lucene-queryparser/7.7.3/lucene-queryparser-7.7.3.jar:/Users/shanshu/softinstall/maven/repository/org/apache/lucene/lucene-sandbox/7.7.3/lucene-sandbox-7.7.3.jar:/Users/shanshu/softinstall/maven/repository/org/apache/lucene/lucene-spatial/7.7.3/lucene-spatial-7.7.3.jar:/Users/shanshu/softinstall/maven/repository/org/apache/lucene/lucene-spatial-extras/7.7.3/lucene-spatial-extras-7.7.3.jar:/Users/shanshu/softinstall/maven/repository/org/apache/lucene/lucene-spatial3d/7.7.3/lucene-spatial3d-7.7.3.jar:/Users/shanshu/softinstall/maven/repository/org/apache/lucene/lucene-suggest/7.7.3/lucene-suggest-7.7.3.jar:/Users/shanshu/softinstall/maven/repository/org/elasticsearch/elasticsearch-cli/6.8.13/elasticsearch-cli-6.8.13.jar:/Users/shanshu/softinstall/maven/repository/net/sf/jopt-simple/jopt-simple/5.0.2/jopt-simple-5.0.2.jar:/Users/shanshu/softinstall/maven/repository/com/carrotsearch/hppc/0.7.1/hppc-0.7.1.jar:/Users/shanshu/softinstall/maven/repository/com/tdunning/t-digest/3.2/t-digest-3.2.jar:/Users/shanshu/softinstall/maven/repository/org/hdrhistogram/HdrHistogram/2.1.9/HdrHistogram-2.1.9.jar:/Users/shanshu/softinstall/maven/repository/org/elasticsearch/jna/5.5.0/jna-5.5.0.jar:/Users/shanshu/softinstall/maven/repository/org/elasticsearch/plugin/reindex-client/6.8.13/reindex-client-6.8.13.jar:/Users/shanshu/softinstall/maven/repository/org/elasticsearch/elasticsearch-ssl-config/6.8.13/elasticsearch-ssl-config-6.8.13.jar:/Users/shanshu/softinstall/maven/repository/org/elasticsearch/plugin/lang-mustache-client/6.8.13/lang-mustache-client-6.8.13.jar:/Users/shanshu/softinstall/maven/repository/com/github/spullara/mustache/java/compiler/0.9.3/compiler-0.9.3.jar:/Users/shanshu/softinstall/maven/repository/org/elasticsearch/plugin/percolator-client/6.8.13/percolator-client-6.8.13.jar:/Users/shanshu/softinstall/maven/repository/org/elasticsearch/plugin/parent-join-client/6.8.13/parent-join-client-6.8.13.jar:/Users/shanshu/softinstall/maven/repository/org/elasticsearch/plugin/rank-eval-client/6.8.13/rank-eval-client-6.8.13.jar:/Users/shanshu/softinstall/maven/repository/org/elasticsearch/plugin/transport-netty4-client/6.8.13/transport-netty4-client-6.8.13.jar:/Users/shanshu/softinstall/maven/repository/io/netty/netty-buffer/4.1.53.Final/netty-buffer-4.1.53.Final.jar:/Users/shanshu/softinstall/maven/repository/io/netty/netty-codec/4.1.53.Final/netty-codec-4.1.53.Final.jar:/Users/shanshu/softinstall/maven/repository/io/netty/netty-codec-http/4.1.53.Final/netty-codec-http-4.1.53.Final.jar:/Users/shanshu/softinstall/maven/repository/io/netty/netty-common/4.1.53.Final/netty-common-4.1.53.Final.jar:/Users/shanshu/softinstall/maven/repository/io/netty/netty-handler/4.1.53.Final/netty-handler-4.1.53.Final.jar:/Users/shanshu/softinstall/maven/repository/io/netty/netty-resolver/4.1.53.Final/netty-resolver-4.1.53.Final.jar:/Users/shanshu/softinstall/maven/repository/io/netty/netty-transport/4.1.53.Final/netty-transport-4.1.53.Final.jar:/Users/shanshu/softinstall/maven/repository/org/elasticsearch/client/elasticsearch-rest-high-level-client/6.8.13/elasticsearch-rest-high-level-client-6.8.13.jar:/Users/shanshu/softinstall/maven/repository/org/elasticsearch/client/elasticsearch-rest-client/6.8.13/elasticsearch-rest-client-6.8.13.jar:/Users/shanshu/softinstall/maven/repository/org/apache/httpcomponents/httpclient/4.5.13/httpclient-4.5.13.jar:/Users/shanshu/softinstall/maven/repository/org/apache/httpcomponents/httpcore/4.4.13/httpcore-4.4.13.jar:/Users/shanshu/softinstall/maven/repository/org/apache/httpcomponents/httpasyncclient/4.1.4/httpasyncclient-4.1.4.jar:/Users/shanshu/softinstall/maven/repository/org/apache/httpcomponents/httpcore-nio/4.4.13/httpcore-nio-4.4.13.jar:/Users/shanshu/softinstall/maven/repository/commons-codec/commons-codec/1.13/commons-codec-1.13.jar:/Users/shanshu/softinstall/maven/repository/org/elasticsearch/plugin/aggs-matrix-stats-client/6.8.13/aggs-matrix-stats-client-6.8.13.jar:/Users/shanshu/softinstall/maven/repository/com/fasterxml/jackson/core/jackson-core/2.10.5/jackson-core-2.10.5.jar:/Users/shanshu/softinstall/maven/repository/com/fasterxml/jackson/core/jackson-databind/2.10.5/jackson-databind-2.10.5.jar:/Users/shanshu/softinstall/maven/repository/com/fasterxml/jackson/core/jackson-annotations/2.10.5/jackson-annotations-2.10.5.jar:/Users/shanshu/softinstall/maven/repository/org/slf4j/slf4j-api/1.7.30/slf4j-api-1.7.30.jar:/Users/shanshu/softinstall/maven/repository/org/springframework/boot/spring-boot-starter-test/2.2.12.BUILD-SNAPSHOT/spring-boot-starter-test-2.2.12.BUILD-SNAPSHOT.jar:/Users/shanshu/softinstall/maven/repository/org/springframework/boot/spring-boot-test/2.2.12.BUILD-SNAPSHOT/spring-boot-test-2.2.12.BUILD-SNAPSHOT.jar:/Users/shanshu/softinstall/maven/repository/org/springframework/boot/spring-boot-test-autoconfigure/2.2.12.BUILD-SNAPSHOT/spring-boot-test-autoconfigure-2.2.12.BUILD-SNAPSHOT.jar:/Users/shanshu/softinstall/maven/repository/com/jayway/jsonpath/json-path/2.4.0/json-path-2.4.0.jar:/Users/shanshu/softinstall/maven/repository/net/minidev/json-smart/2.3/json-smart-2.3.jar:/Users/shanshu/softinstall/maven/repository/net/minidev/accessors-smart/1.2/accessors-smart-1.2.jar:/Users/shanshu/softinstall/maven/repository/org/ow2/asm/asm/5.0.4/asm-5.0.4.jar:/Users/shanshu/softinstall/maven/repository/jakarta/xml/bind/jakarta.xml.bind-api/2.3.3/jakarta.xml.bind-api-2.3.3.jar:/Users/shanshu/softinstall/maven/repository/jakarta/activation/jakarta.activation-api/1.2.2/jakarta.activation-api-1.2.2.jar:/Users/shanshu/softinstall/maven/repository/org/junit/jupiter/junit-jupiter/5.5.2/junit-jupiter-5.5.2.jar:/Users/shanshu/softinstall/maven/repository/org/junit/jupiter/junit-jupiter-api/5.5.2/junit-jupiter-api-5.5.2.jar:/Users/shanshu/softinstall/maven/repository/org/opentest4j/opentest4j/1.2.0/opentest4j-1.2.0.jar:/Users/shanshu/softinstall/maven/repository/org/junit/platform/junit-platform-commons/1.5.2/junit-platform-commons-1.5.2.jar:/Users/shanshu/softinstall/maven/repository/org/junit/jupiter/junit-jupiter-params/5.5.2/junit-jupiter-params-5.5.2.jar:/Users/shanshu/softinstall/maven/repository/org/junit/jupiter/junit-jupiter-engine/5.5.2/junit-jupiter-engine-5.5.2.jar:/Users/shanshu/softinstall/maven/repository/org/junit/vintage/junit-vintage-engine/5.5.2/junit-vintage-engine-5.5.2.jar:/Users/shanshu/softinstall/maven/repository/org/apiguardian/apiguardian-api/1.1.0/apiguardian-api-1.1.0.jar:/Users/shanshu/softinstall/maven/repository/org/junit/platform/junit-platform-engine/1.5.2/junit-platform-engine-1.5.2.jar:/Users/shanshu/softinstall/maven/repository/junit/junit/4.12/junit-4.12.jar:/Users/shanshu/softinstall/maven/repository/org/mockito/mockito-junit-jupiter/3.1.0/mockito-junit-jupiter-3.1.0.jar:/Users/shanshu/softinstall/maven/repository/org/assertj/assertj-core/3.13.2/assertj-core-3.13.2.jar:/Users/shanshu/softinstall/maven/repository/org/hamcrest/hamcrest/2.1/hamcrest-2.1.jar:/Users/shanshu/softinstall/maven/repository/org/mockito/mockito-core/3.1.0/mockito-core-3.1.0.jar:/Users/shanshu/softinstall/maven/repository/net/bytebuddy/byte-buddy/1.10.17/byte-buddy-1.10.17.jar:/Users/shanshu/softinstall/maven/repository/net/bytebuddy/byte-buddy-agent/1.10.17/byte-buddy-agent-1.10.17.jar:/Users/shanshu/softinstall/maven/repository/org/objenesis/objenesis/2.6/objenesis-2.6.jar:/Users/shanshu/softinstall/maven/repository/org/skyscreamer/jsonassert/1.5.0/jsonassert-1.5.0.jar:/Users/shanshu/softinstall/maven/repository/com/vaadin/external/google/android-json/0.0.20131108.vaadin1/android-json-0.0.20131108.vaadin1.jar:/Users/shanshu/softinstall/maven/repository/org/springframework/spring-test/5.2.10.RELEASE/spring-test-5.2.10.RELEASE.jar:/Users/shanshu/softinstall/maven/repository/org/xmlunit/xmlunit-core/2.6.4/xmlunit-core-2.6.4.jar:"/>
    <property name="sun.cpu.endian" value="little"/>
    <property name="user.home" value="/Users/shanshu"/>
    <property name="user.language" value="zh"/>
    <property name="java.specification.vendor" value="Oracle Corporation"/>
    <property name="java.home" value="/Library/Java/JavaVirtualMachines/jdk1.8.0_211.jdk/Contents/Home/jre"/>
    <property name="basedir" value="/Users/shanshu/github/mygithub/spring-boot-2.2.x/spring-boot-tests/spring-boot-smoke-tests/spring-boot-smoke-test-data-elasticsearch"/>
    <property name="file.separator" value="/"/>
    <property name="line.separator" value="&#10;"/>
    <property name="java.vm.specification.vendor" value="Oracle Corporation"/>
    <property name="java.specification.name" value="Java Platform API Specification"/>
    <property name="java.awt.graphicsenv" value="sun.awt.CGraphicsEnvironment"/>
    <property name="java.awt.headless" value="true"/>
    <property name="surefire.real.class.path" value="/Users/shanshu/github/mygithub/spring-boot-2.2.x/spring-boot-tests/spring-boot-smoke-tests/spring-boot-smoke-test-data-elasticsearch/target/surefire/surefirebooter1793724778779565813.jar"/>
    <property name="sun.boot.class.path" value="/Library/Java/JavaVirtualMachines/jdk1.8.0_211.jdk/Contents/Home/jre/lib/resources.jar:/Library/Java/JavaVirtualMachines/jdk1.8.0_211.jdk/Contents/Home/jre/lib/rt.jar:/Library/Java/JavaVirtualMachines/jdk1.8.0_211.jdk/Contents/Home/jre/lib/sunrsasign.jar:/Library/Java/JavaVirtualMachines/jdk1.8.0_211.jdk/Contents/Home/jre/lib/jsse.jar:/Library/Java/JavaVirtualMachines/jdk1.8.0_211.jdk/Contents/Home/jre/lib/jce.jar:/Library/Java/JavaVirtualMachines/jdk1.8.0_211.jdk/Contents/Home/jre/lib/charsets.jar:/Library/Java/JavaVirtualMachines/jdk1.8.0_211.jdk/Contents/Home/jre/lib/jfr.jar:/Library/Java/JavaVirtualMachines/jdk1.8.0_211.jdk/Contents/Home/jre/classes"/>
    <property name="sun.management.compiler" value="HotSpot 64-Bit Tiered Compilers"/>
    <property name="ftp.nonProxyHosts" value="local|*.local|169.254/16|*.169.254/16|172.31.5.187|172.31.1.82|172.31.2.34|internal.cardopt.com|*.internal.cardopt.com|jupyter.internal.cardopt.com|*.jupyter.internal.cardopt.com|jms.internal.cardopt.com|*.jms.internal.cardopt.com|webdav.cardopt.com|*.webdav.cardopt.com|nc.internal.cardopt.com|*.nc.internal.cardopt.com"/>
    <property name="java.runtime.version" value="1.8.0_211-b12"/>
    <property name="scan" value="false"/>
    <property name="user.name" value="shanshu"/>
    <property name="path.separator" value=":"/>
    <property name="java.security.egd" value="file:/dev/./urandom"/>
    <property name="os.version" value="10.14.6"/>
    <property name="java.endorsed.dirs" value="/Library/Java/JavaVirtualMachines/jdk1.8.0_211.jdk/Contents/Home/jre/lib/endorsed"/>
    <property name="java.runtime.name" value="Java(TM) SE Runtime Environment"/>
    <property name="file.encoding" value="UTF-8"/>
    <property name="java.vm.name" value="Java HotSpot(TM) 64-Bit Server VM"/>
    <property name="localRepository" value="/Users/shanshu/softinstall/maven/repository"/>
    <property name="java.vendor.url.bug" value="http://bugreport.sun.com/bugreport/"/>
    <property name="java.io.tmpdir" value="/var/folders/gg/3xrxktw17zxgw0kryspls91w0000gn/T/"/>
    <property name="java.version" value="1.8.0_211"/>
    <property name="user.dir" value="/Users/shanshu/github/mygithub/spring-boot-2.2.x/spring-boot-tests/spring-boot-smoke-tests/spring-boot-smoke-test-data-elasticsearch"/>
    <property name="os.arch" value="x86_64"/>
    <property name="java.vm.specification.name" value="Java Virtual Machine Specification"/>
    <property name="java.awt.printerjob" value="sun.lwawt.macosx.CPrinterJob"/>
    <property name="sun.os.patch.level" value="unknown"/>
    <property name="java.library.path" value="/Users/shanshu/Library/Java/Extensions:/Library/Java/Extensions:/Network/Library/Java/Extensions:/System/Library/Java/Extensions:/usr/lib/java:."/>
    <property name="java.vm.info" value="mixed mode"/>
    <property name="java.vendor" value="Oracle Corporation"/>
    <property name="java.vm.version" value="25.211-b12"/>
    <property name="java.ext.dirs" value="/Users/shanshu/Library/Java/Extensions:/Library/Java/JavaVirtualMachines/jdk1.8.0_211.jdk/Contents/Home/jre/lib/ext:/Library/Java/Extensions:/Network/Library/Java/Extensions:/System/Library/Java/Extensions:/usr/lib/java"/>
    <property name="sun.io.unicode.encoding" value="UnicodeBig"/>
    <property name="maven.repo.local" value="/Users/shanshu/softinstall/maven/repository"/>
    <property name="java.class.version" value="52.0"/>
    <property name="socksNonProxyHosts" value="local|*.local|169.254/16|*.169.254/16|172.31.5.187|172.31.1.82|172.31.2.34|internal.cardopt.com|*.internal.cardopt.com|jupyter.internal.cardopt.com|*.jupyter.internal.cardopt.com|jms.internal.cardopt.com|*.jms.internal.cardopt.com|webdav.cardopt.com|*.webdav.cardopt.com|nc.internal.cardopt.com|*.nc.internal.cardopt.com"/>
  </properties>
  <testcase name="testDefaultSettings{CapturedOutput}" classname="smoketest.data.elasticsearch.SampleElasticsearchApplicationTests" time="2.064"/>
</testsuite>