<?xml version="1.0" encoding="UTF-8"?>
<testsuite xmlns:xsi="http://www.w3.org/2001/XMLSchema-instance" xsi:noNamespaceSchemaLocation="https://maven.apache.org/surefire/maven-surefire-plugin/xsd/surefire-test-report.xsd" name="smoketest.test.SampleTestApplicationWebIntegrationTests" time="1.867" tests="1" errors="0" skipped="0" failures="0">
  <properties>
    <property name="gopherProxySet" value="false"/>
    <property name="awt.toolkit" value="sun.lwawt.macosx.LWCToolkit"/>
    <property name="file.encoding.pkg" value="sun.io"/>
    <property name="java.specification.version" value="1.8"/>
    <property name="sun.cpu.isalist" value=""/>
    <property name="sun.jnu.encoding" value="UTF-8"/>
    <property name="java.class.path" value="/Users/shanshu/github/mygithub/spring-boot-2.2.x/spring-boot-tests/spring-boot-smoke-tests/spring-boot-smoke-test-test/target/test-classes:/Users/shanshu/github/mygithub/spring-boot-2.2.x/spring-boot-tests/spring-boot-smoke-tests/spring-boot-smoke-test-test/target/classes:/Users/shanshu/softinstall/maven/repository/org/springframework/boot/spring-boot-starter-web/2.2.12.BUILD-SNAPSHOT/spring-boot-starter-web-2.2.12.BUILD-SNAPSHOT.jar:/Users/shanshu/softinstall/maven/repository/org/springframework/boot/spring-boot-starter/2.2.12.BUILD-SNAPSHOT/spring-boot-starter-2.2.12.BUILD-SNAPSHOT.jar:/Users/shanshu/softinstall/maven/repository/org/springframework/boot/spring-boot/2.2.12.BUILD-SNAPSHOT/spring-boot-2.2.12.BUILD-SNAPSHOT.jar:/Users/shanshu/softinstall/maven/repository/org/springframework/boot/spring-boot-autoconfigure/2.2.12.BUILD-SNAPSHOT/spring-boot-autoconfigure-2.2.12.BUILD-SNAPSHOT.jar:/Users/shanshu/softinstall/maven/repository/org/springframework/boot/spring-boot-starter-logging/2.2.12.BUILD-SNAPSHOT/spring-boot-starter-logging-2.2.12.BUILD-SNAPSHOT.jar:/Users/shanshu/softinstall/maven/repository/ch/qos/logback/logback-classic/1.2.3/logback-classic-1.2.3.jar:/Users/shanshu/softinstall/maven/repository/ch/qos/logback/logback-core/1.2.3/logback-core-1.2.3.jar:/Users/shanshu/softinstall/maven/repository/org/apache/logging/log4j/log4j-to-slf4j/2.12.1/log4j-to-slf4j-2.12.1.jar:/Users/shanshu/softinstall/maven/repository/org/apache/logging/log4j/log4j-api/2.12.1/log4j-api-2.12.1.jar:/Users/shanshu/softinstall/maven/repository/org/slf4j/jul-to-slf4j/1.7.30/jul-to-slf4j-1.7.30.jar:/Users/shanshu/softinstall/maven/repository/jakarta/annotation/jakarta.annotation-api/1.3.5/jakarta.annotation-api-1.3.5.jar:/Users/shanshu/softinstall/maven/repository/org/yaml/snakeyaml/1.25/snakeyaml-1.25.jar:/Users/shanshu/softinstall/maven/repository/org/springframework/boot/spring-boot-starter-json/2.2.12.BUILD-SNAPSHOT/spring-boot-starter-json-2.2.12.BUILD-SNAPSHOT.jar:/Users/shanshu/softinstall/maven/repository/com/fasterxml/jackson/core/jackson-databind/2.10.5/jackson-databind-2.10.5.jar:/Users/shanshu/softinstall/maven/repository/com/fasterxml/jackson/core/jackson-annotations/2.10.5/jackson-annotations-2.10.5.jar:/Users/shanshu/softinstall/maven/repository/com/fasterxml/jackson/core/jackson-core/2.10.5/jackson-core-2.10.5.jar:/Users/shanshu/softinstall/maven/repository/com/fasterxml/jackson/datatype/jackson-datatype-jdk8/2.10.5/jackson-datatype-jdk8-2.10.5.jar:/Users/shanshu/softinstall/maven/repository/com/fasterxml/jackson/datatype/jackson-datatype-jsr310/2.10.5/jackson-datatype-jsr310-2.10.5.jar:/Users/shanshu/softinstall/maven/repository/com/fasterxml/jackson/module/jackson-module-parameter-names/2.10.5/jackson-module-parameter-names-2.10.5.jar:/Users/shanshu/softinstall/maven/repository/org/springframework/boot/spring-boot-starter-tomcat/2.2.12.BUILD-SNAPSHOT/spring-boot-starter-tomcat-2.2.12.BUILD-SNAPSHOT.jar:/Users/shanshu/softinstall/maven/repository/org/apache/tomcat/embed/tomcat-embed-core/9.0.39/tomcat-embed-core-9.0.39.jar:/Users/shanshu/softinstall/maven/repository/org/apache/tomcat/embed/tomcat-embed-el/9.0.39/tomcat-embed-el-9.0.39.jar:/Users/shanshu/softinstall/maven/repository/org/apache/tomcat/embed/tomcat-embed-websocket/9.0.39/tomcat-embed-websocket-9.0.39.jar:/Users/shanshu/softinstall/maven/repository/org/springframework/boot/spring-boot-starter-validation/2.2.12.BUILD-SNAPSHOT/spring-boot-starter-validation-2.2.12.BUILD-SNAPSHOT.jar:/Users/shanshu/softinstall/maven/repository/jakarta/validation/jakarta.validation-api/2.0.2/jakarta.validation-api-2.0.2.jar:/Users/shanshu/softinstall/maven/repository/org/hibernate/validator/hibernate-validator/6.0.21.Final/hibernate-validator-6.0.21.Final.jar:/Users/shanshu/softinstall/maven/repository/org/springframework/spring-web/5.2.10.RELEASE/spring-web-5.2.10.RELEASE.jar:/Users/shanshu/softinstall/maven/repository/org/springframework/spring-beans/5.2.10.RELEASE/spring-beans-5.2.10.RELEASE.jar:/Users/shanshu/softinstall/maven/repository/org/springframework/spring-webmvc/5.2.10.RELEASE/spring-webmvc-5.2.10.RELEASE.jar:/Users/shanshu/softinstall/maven/repository/org/springframework/spring-aop/5.2.10.RELEASE/spring-aop-5.2.10.RELEASE.jar:/Users/shanshu/softinstall/maven/repository/org/springframework/spring-context/5.2.10.RELEASE/spring-context-5.2.10.RELEASE.jar:/Users/shanshu/softinstall/maven/repository/org/springframework/spring-expression/5.2.10.RELEASE/spring-expression-5.2.10.RELEASE.jar:/Users/shanshu/softinstall/maven/repository/org/springframework/boot/spring-boot-starter-data-jpa/2.2.12.BUILD-SNAPSHOT/spring-boot-starter-data-jpa-2.2.12.BUILD-SNAPSHOT.jar:/Users/shanshu/softinstall/maven/repository/org/springframework/boot/spring-boot-starter-aop/2.2.12.BUILD-SNAPSHOT/spring-boot-starter-aop-2.2.12.BUILD-SNAPSHOT.jar:/Users/shanshu/softinstall/maven/repository/org/aspectj/aspectjweaver/1.9.6/aspectjweaver-1.9.6.jar:/Users/shanshu/softinstall/maven/repository/org/springframework/boot/spring-boot-starter-jdbc/2.2.12.BUILD-SNAPSHOT/spring-boot-starter-jdbc-2.2.12.BUILD-SNAPSHOT.jar:/Users/shanshu/softinstall/maven/repository/com/zaxxer/HikariCP/3.4.5/HikariCP-3.4.5.jar:/Users/shanshu/softinstall/maven/repository/org/springframework/spring-jdbc/5.2.10.RELEASE/spring-jdbc-5.2.10.RELEASE.jar:/Users/shanshu/softinstall/maven/repository/jakarta/persistence/jakarta.persistence-api/2.2.3/jakarta.persistence-api-2.2.3.jar:/Users/shanshu/softinstall/maven/repository/jakarta/transaction/jakarta.transaction-api/1.3.3/jakarta.transaction-api-1.3.3.jar:/Users/shanshu/softinstall/maven/repository/org/hibernate/hibernate-core/5.4.22.Final/hibernate-core-5.4.22.Final.jar:/Users/shanshu/softinstall/maven/repository/org/jboss/logging/jboss-logging/3.4.1.Final/jboss-logging-3.4.1.Final.jar:/Users/shanshu/softinstall/maven/repository/org/javassist/javassist/3.24.0-GA/javassist-3.24.0-GA.jar:/Users/shanshu/softinstall/maven/repository/net/bytebuddy/byte-buddy/1.10.17/byte-buddy-1.10.17.jar:/Users/shanshu/softinstall/maven/repository/antlr/antlr/2.7.7/antlr-2.7.7.jar:/Users/shanshu/softinstall/maven/repository/org/jboss/jandex/2.1.3.Final/jandex-2.1.3.Final.jar:/Users/shanshu/softinstall/maven/repository/com/fasterxml/classmate/1.5.1/classmate-1.5.1.jar:/Users/shanshu/softinstall/maven/repository/org/dom4j/dom4j/2.1.3/dom4j-2.1.3.jar:/Users/shanshu/softinstall/maven/repository/org/hibernate/common/hibernate-commons-annotations/5.1.0.Final/hibernate-commons-annotations-5.1.0.Final.jar:/Users/shanshu/softinstall/maven/repository/org/glassfish/jaxb/jaxb-runtime/2.3.3/jaxb-runtime-2.3.3.jar:/Users/shanshu/softinstall/maven/repository/org/glassfish/jaxb/txw2/2.3.3/txw2-2.3.3.jar:/Users/shanshu/softinstall/maven/repository/com/sun/istack/istack-commons-runtime/3.0.11/istack-commons-runtime-3.0.11.jar:/Users/shanshu/softinstall/maven/repository/com/sun/activation/jakarta.activation/1.2.2/jakarta.activation-1.2.2.jar:/Users/shanshu/softinstall/maven/repository/org/springframework/data/spring-data-jpa/2.2.11.RELEASE/spring-data-jpa-2.2.11.RELEASE.jar:/Users/shanshu/softinstall/maven/repository/org/springframework/data/spring-data-commons/2.2.11.RELEASE/spring-data-commons-2.2.11.RELEASE.jar:/Users/shanshu/softinstall/maven/repository/org/springframework/spring-orm/5.2.10.RELEASE/spring-orm-5.2.10.RELEASE.jar:/Users/shanshu/softinstall/maven/repository/org/springframework/spring-tx/5.2.10.RELEASE/spring-tx-5.2.10.RELEASE.jar:/Users/shanshu/softinstall/maven/repository/org/slf4j/slf4j-api/1.7.30/slf4j-api-1.7.30.jar:/Users/shanshu/softinstall/maven/repository/org/springframework/spring-aspects/5.2.10.RELEASE/spring-aspects-5.2.10.RELEASE.jar:/Users/shanshu/softinstall/maven/repository/org/seleniumhq/selenium/selenium-api/3.141.59/selenium-api-3.141.59.jar:/Users/shanshu/softinstall/maven/repository/com/h2database/h2/1.4.200/h2-1.4.200.jar:/Users/shanshu/softinstall/maven/repository/mysql/mysql-connector-java/8.0.22/mysql-connector-java-8.0.22.jar:/Users/shanshu/softinstall/maven/repository/org/springframework/boot/spring-boot-starter-test/2.2.12.BUILD-SNAPSHOT/spring-boot-starter-test-2.2.12.BUILD-SNAPSHOT.jar:/Users/shanshu/softinstall/maven/repository/org/springframework/boot/spring-boot-test/2.2.12.BUILD-SNAPSHOT/spring-boot-test-2.2.12.BUILD-SNAPSHOT.jar:/Users/shanshu/softinstall/maven/repository/org/springframework/boot/spring-boot-test-autoconfigure/2.2.12.BUILD-SNAPSHOT/spring-boot-test-autoconfigure-2.2.12.BUILD-SNAPSHOT.jar:/Users/shanshu/softinstall/maven/repository/com/jayway/jsonpath/json-path/2.4.0/json-path-2.4.0.jar:/Users/shanshu/softinstall/maven/repository/net/minidev/json-smart/2.3/json-smart-2.3.jar:/Users/shanshu/softinstall/maven/repository/net/minidev/accessors-smart/1.2/accessors-smart-1.2.jar:/Users/shanshu/softinstall/maven/repository/org/ow2/asm/asm/5.0.4/asm-5.0.4.jar:/Users/shanshu/softinstall/maven/repository/jakarta/xml/bind/jakarta.xml.bind-api/2.3.3/jakarta.xml.bind-api-2.3.3.jar:/Users/shanshu/softinstall/maven/repository/jakarta/activation/jakarta.activation-api/1.2.2/jakarta.activation-api-1.2.2.jar:/Users/shanshu/softinstall/maven/repository/org/junit/jupiter/junit-jupiter/5.5.2/junit-jupiter-5.5.2.jar:/Users/shanshu/softinstall/maven/repository/org/junit/jupiter/junit-jupiter-api/5.5.2/junit-jupiter-api-5.5.2.jar:/Users/shanshu/softinstall/maven/repository/org/opentest4j/opentest4j/1.2.0/opentest4j-1.2.0.jar:/Users/shanshu/softinstall/maven/repository/org/junit/platform/junit-platform-commons/1.5.2/junit-platform-commons-1.5.2.jar:/Users/shanshu/softinstall/maven/repository/org/junit/jupiter/junit-jupiter-params/5.5.2/junit-jupiter-params-5.5.2.jar:/Users/shanshu/softinstall/maven/repository/org/junit/jupiter/junit-jupiter-engine/5.5.2/junit-jupiter-engine-5.5.2.jar:/Users/shanshu/softinstall/maven/repository/org/junit/vintage/junit-vintage-engine/5.5.2/junit-vintage-engine-5.5.2.jar:/Users/shanshu/softinstall/maven/repository/org/apiguardian/apiguardian-api/1.1.0/apiguardian-api-1.1.0.jar:/Users/shanshu/softinstall/maven/repository/org/junit/platform/junit-platform-engine/1.5.2/junit-platform-engine-1.5.2.jar:/Users/shanshu/softinstall/maven/repository/junit/junit/4.12/junit-4.12.jar:/Users/shanshu/softinstall/maven/repository/org/mockito/mockito-junit-jupiter/3.1.0/mockito-junit-jupiter-3.1.0.jar:/Users/shanshu/softinstall/maven/repository/org/assertj/assertj-core/3.13.2/assertj-core-3.13.2.jar:/Users/shanshu/softinstall/maven/repository/org/hamcrest/hamcrest/2.1/hamcrest-2.1.jar:/Users/shanshu/softinstall/maven/repository/org/mockito/mockito-core/3.1.0/mockito-core-3.1.0.jar:/Users/shanshu/softinstall/maven/repository/net/bytebuddy/byte-buddy-agent/1.10.17/byte-buddy-agent-1.10.17.jar:/Users/shanshu/softinstall/maven/repository/org/objenesis/objenesis/2.6/objenesis-2.6.jar:/Users/shanshu/softinstall/maven/repository/org/skyscreamer/jsonassert/1.5.0/jsonassert-1.5.0.jar:/Users/shanshu/softinstall/maven/repository/com/vaadin/external/google/android-json/0.0.20131108.vaadin1/android-json-0.0.20131108.vaadin1.jar:/Users/shanshu/softinstall/maven/repository/org/springframework/spring-core/5.2.10.RELEASE/spring-core-5.2.10.RELEASE.jar:/Users/shanshu/softinstall/maven/repository/org/springframework/spring-jcl/5.2.10.RELEASE/spring-jcl-5.2.10.RELEASE.jar:/Users/shanshu/softinstall/maven/repository/org/springframework/spring-test/5.2.10.RELEASE/spring-test-5.2.10.RELEASE.jar:/Users/shanshu/softinstall/maven/repository/org/xmlunit/xmlunit-core/2.6.4/xmlunit-core-2.6.4.jar:/Users/shanshu/softinstall/maven/repository/org/seleniumhq/selenium/htmlunit-driver/2.36.0/htmlunit-driver-2.36.0.jar:/Users/shanshu/softinstall/maven/repository/org/seleniumhq/selenium/selenium-support/3.141.59/selenium-support-3.141.59.jar:/Users/shanshu/softinstall/maven/repository/org/seleniumhq/selenium/selenium-remote-driver/3.141.59/selenium-remote-driver-3.141.59.jar:/Users/shanshu/softinstall/maven/repository/org/apache/commons/commons-exec/1.3/commons-exec-1.3.jar:/Users/shanshu/softinstall/maven/repository/com/google/guava/guava/25.0-jre/guava-25.0-jre.jar:/Users/shanshu/softinstall/maven/repository/com/google/code/findbugs/jsr305/1.3.9/jsr305-1.3.9.jar:/Users/shanshu/softinstall/maven/repository/org/checkerframework/checker-compat-qual/2.0.0/checker-compat-qual-2.0.0.jar:/Users/shanshu/softinstall/maven/repository/com/google/errorprone/error_prone_annotations/2.1.3/error_prone_annotations-2.1.3.jar:/Users/shanshu/softinstall/maven/repository/com/google/j2objc/j2objc-annotations/1.1/j2objc-annotations-1.1.jar:/Users/shanshu/softinstall/maven/repository/org/codehaus/mojo/animal-sniffer-annotations/1.14/animal-sniffer-annotations-1.14.jar:/Users/shanshu/softinstall/maven/repository/com/squareup/okhttp3/okhttp/3.14.9/okhttp-3.14.9.jar:/Users/shanshu/softinstall/maven/repository/com/squareup/okio/okio/1.14.0/okio-1.14.0.jar:/Users/shanshu/softinstall/maven/repository/net/sourceforge/htmlunit/htmlunit/2.36.0/htmlunit-2.36.0.jar:/Users/shanshu/softinstall/maven/repository/xalan/xalan/2.7.2/xalan-2.7.2.jar:/Users/shanshu/softinstall/maven/repository/xalan/serializer/2.7.2/serializer-2.7.2.jar:/Users/shanshu/softinstall/maven/repository/org/apache/commons/commons-lang3/3.9/commons-lang3-3.9.jar:/Users/shanshu/softinstall/maven/repository/org/apache/commons/commons-text/1.7/commons-text-1.7.jar:/Users/shanshu/softinstall/maven/repository/org/apache/httpcomponents/httpmime/4.5.13/httpmime-4.5.13.jar:/Users/shanshu/softinstall/maven/repository/org/apache/httpcomponents/httpclient/4.5.13/httpclient-4.5.13.jar:/Users/shanshu/softinstall/maven/repository/org/apache/httpcomponents/httpcore/4.4.13/httpcore-4.4.13.jar:/Users/shanshu/softinstall/maven/repository/commons-codec/commons-codec/1.13/commons-codec-1.13.jar:/Users/shanshu/softinstall/maven/repository/net/sourceforge/htmlunit/htmlunit-core-js/2.36.0/htmlunit-core-js-2.36.0.jar:/Users/shanshu/softinstall/maven/repository/net/sourceforge/htmlunit/neko-htmlunit/2.36.0/neko-htmlunit-2.36.0.jar:/Users/shanshu/softinstall/maven/repository/xerces/xercesImpl/2.12.0/xercesImpl-2.12.0.jar:/Users/shanshu/softinstall/maven/repository/xml-apis/xml-apis/1.4.01/xml-apis-1.4.01.jar:/Users/shanshu/softinstall/maven/repository/net/sourceforge/htmlunit/htmlunit-cssparser/1.5.0/htmlunit-cssparser-1.5.0.jar:/Users/shanshu/softinstall/maven/repository/commons-io/commons-io/2.6/commons-io-2.6.jar:/Users/shanshu/softinstall/maven/repository/commons-net/commons-net/3.6/commons-net-3.6.jar:/Users/shanshu/softinstall/maven/repository/org/brotli/dec/0.1.2/dec-0.1.2.jar:/Users/shanshu/softinstall/maven/repository/org/eclipse/jetty/websocket/websocket-client/9.4.33.v20201020/websocket-client-9.4.33.v20201020.jar:/Users/shanshu/softinstall/maven/repository/org/eclipse/jetty/jetty-client/9.4.33.v20201020/jetty-client-9.4.33.v20201020.jar:/Users/shanshu/softinstall/maven/repository/org/eclipse/jetty/jetty-http/9.4.33.v20201020/jetty-http-9.4.33.v20201020.jar:/Users/shanshu/softinstall/maven/repository/org/eclipse/jetty/jetty-xml/9.4.33.v20201020/jetty-xml-9.4.33.v20201020.jar:/Users/shanshu/softinstall/maven/repository/org/eclipse/jetty/jetty-util/9.4.33.v20201020/jetty-util-9.4.33.v20201020.jar:/Users/shanshu/softinstall/maven/repository/org/eclipse/jetty/jetty-io/9.4.33.v20201020/jetty-io-9.4.33.v20201020.jar:/Users/shanshu/softinstall/maven/repository/org/eclipse/jetty/websocket/websocket-common/9.4.33.v20201020/websocket-common-9.4.33.v20201020.jar:/Users/shanshu/softinstall/maven/repository/org/eclipse/jetty/websocket/websocket-api/9.4.33.v20201020/websocket-api-9.4.33.v20201020.jar:"/>
    <property name="java.vm.vendor" value="Oracle Corporation"/>
    <property name="sun.arch.data.model" value="64"/>
    <property name="java.vendor.url" value="http://java.oracle.com/"/>
    <property name="user.timezone" value=""/>
    <property name="java.vm.specification.version" value="1.8"/>
    <property name="os.name" value="Mac OS X"/>
    <property name="user.country" value="CN"/>
    <property name="sun.java.launcher" value="SUN_STANDARD"/>
    <property name="sun.boot.library.path" value="/Library/Java/JavaVirtualMachines/jdk1.8.0_211.jdk/Contents/Home/jre/lib"/>
    <property name="sun.java.command" value="/Users/shanshu/github/mygithub/spring-boot-2.2.x/spring-boot-tests/spring-boot-smoke-tests/spring-boot-smoke-test-test/target/surefire/surefirebooter2450877676459731902.jar /Users/shanshu/github/mygithub/spring-boot-2.2.x/spring-boot-tests/spring-boot-smoke-tests/spring-boot-smoke-test-test/target/surefire 2020-11-30T18-47-43_444-jvmRun1 surefire5674402866394797612tmp surefire_563619460312239330649tmp"/>
    <property name="http.nonProxyHosts" value="local|*.local|169.254/16|*.169.254/16|172.31.5.187|172.31.1.82|172.31.2.34|internal.cardopt.com|*.internal.cardopt.com|jupyter.internal.cardopt.com|*.jupyter.internal.cardopt.com|jms.internal.cardopt.com|*.jms.internal.cardopt.com|webdav.cardopt.com|*.webdav.cardopt.com|nc.internal.cardopt.com|*.nc.internal.cardopt.com"/>
    <property name="surefire.test.class.path" value="/Users/shanshu/github/mygithub/spring-boot-2.2.x/spring-boot-tests/spring-boot-smoke-tests/spring-boot-smoke-test-test/target/test-classes:/Users/shanshu/github/mygithub/spring-boot-2.2.x/spring-boot-tests/spring-boot-smoke-tests/spring-boot-smoke-test-test/target/classes:/Users/shanshu/softinstall/maven/repository/org/springframework/boot/spring-boot-starter-web/2.2.12.BUILD-SNAPSHOT/spring-boot-starter-web-2.2.12.BUILD-SNAPSHOT.jar:/Users/shanshu/softinstall/maven/repository/org/springframework/boot/spring-boot-starter/2.2.12.BUILD-SNAPSHOT/spring-boot-starter-2.2.12.BUILD-SNAPSHOT.jar:/Users/shanshu/softinstall/maven/repository/org/springframework/boot/spring-boot/2.2.12.BUILD-SNAPSHOT/spring-boot-2.2.12.BUILD-SNAPSHOT.jar:/Users/shanshu/softinstall/maven/repository/org/springframework/boot/spring-boot-autoconfigure/2.2.12.BUILD-SNAPSHOT/spring-boot-autoconfigure-2.2.12.BUILD-SNAPSHOT.jar:/Users/shanshu/softinstall/maven/repository/org/springframework/boot/spring-boot-starter-logging/2.2.12.BUILD-SNAPSHOT/spring-boot-starter-logging-2.2.12.BUILD-SNAPSHOT.jar:/Users/shanshu/softinstall/maven/repository/ch/qos/logback/logback-classic/1.2.3/logback-classic-1.2.3.jar:/Users/shanshu/softinstall/maven/repository/ch/qos/logback/logback-core/1.2.3/logback-core-1.2.3.jar:/Users/shanshu/softinstall/maven/repository/org/apache/logging/log4j/log4j-to-slf4j/2.12.1/log4j-to-slf4j-2.12.1.jar:/Users/shanshu/softinstall/maven/repository/org/apache/logging/log4j/log4j-api/2.12.1/log4j-api-2.12.1.jar:/Users/shanshu/softinstall/maven/repository/org/slf4j/jul-to-slf4j/1.7.30/jul-to-slf4j-1.7.30.jar:/Users/shanshu/softinstall/maven/repository/jakarta/annotation/jakarta.annotation-api/1.3.5/jakarta.annotation-api-1.3.5.jar:/Users/shanshu/softinstall/maven/repository/org/yaml/snakeyaml/1.25/snakeyaml-1.25.jar:/Users/shanshu/softinstall/maven/repository/org/springframework/boot/spring-boot-starter-json/2.2.12.BUILD-SNAPSHOT/spring-boot-starter-json-2.2.12.BUILD-SNAPSHOT.jar:/Users/shanshu/softinstall/maven/repository/com/fasterxml/jackson/core/jackson-databind/2.10.5/jackson-databind-2.10.5.jar:/Users/shanshu/softinstall/maven/repository/com/fasterxml/jackson/core/jackson-annotations/2.10.5/jackson-annotations-2.10.5.jar:/Users/shanshu/softinstall/maven/repository/com/fasterxml/jackson/core/jackson-core/2.10.5/jackson-core-2.10.5.jar:/Users/shanshu/softinstall/maven/repository/com/fasterxml/jackson/datatype/jackson-datatype-jdk8/2.10.5/jackson-datatype-jdk8-2.10.5.jar:/Users/shanshu/softinstall/maven/repository/com/fasterxml/jackson/datatype/jackson-datatype-jsr310/2.10.5/jackson-datatype-jsr310-2.10.5.jar:/Users/shanshu/softinstall/maven/repository/com/fasterxml/jackson/module/jackson-module-parameter-names/2.10.5/jackson-module-parameter-names-2.10.5.jar:/Users/shanshu/softinstall/maven/repository/org/springframework/boot/spring-boot-starter-tomcat/2.2.12.BUILD-SNAPSHOT/spring-boot-starter-tomcat-2.2.12.BUILD-SNAPSHOT.jar:/Users/shanshu/softinstall/maven/repository/org/apache/tomcat/embed/tomcat-embed-core/9.0.39/tomcat-embed-core-9.0.39.jar:/Users/shanshu/softinstall/maven/repository/org/apache/tomcat/embed/tomcat-embed-el/9.0.39/tomcat-embed-el-9.0.39.jar:/Users/shanshu/softinstall/maven/repository/org/apache/tomcat/embed/tomcat-embed-websocket/9.0.39/tomcat-embed-websocket-9.0.39.jar:/Users/shanshu/softinstall/maven/repository/org/springframework/boot/spring-boot-starter-validation/2.2.12.BUILD-SNAPSHOT/spring-boot-starter-validation-2.2.12.BUILD-SNAPSHOT.jar:/Users/shanshu/softinstall/maven/repository/jakarta/validation/jakarta.validation-api/2.0.2/jakarta.validation-api-2.0.2.jar:/Users/shanshu/softinstall/maven/repository/org/hibernate/validator/hibernate-validator/6.0.21.Final/hibernate-validator-6.0.21.Final.jar:/Users/shanshu/softinstall/maven/repository/org/springframework/spring-web/5.2.10.RELEASE/spring-web-5.2.10.RELEASE.jar:/Users/shanshu/softinstall/maven/repository/org/springframework/spring-beans/5.2.10.RELEASE/spring-beans-5.2.10.RELEASE.jar:/Users/shanshu/softinstall/maven/repository/org/springframework/spring-webmvc/5.2.10.RELEASE/spring-webmvc-5.2.10.RELEASE.jar:/Users/shanshu/softinstall/maven/repository/org/springframework/spring-aop/5.2.10.RELEASE/spring-aop-5.2.10.RELEASE.jar:/Users/shanshu/softinstall/maven/repository/org/springframework/spring-context/5.2.10.RELEASE/spring-context-5.2.10.RELEASE.jar:/Users/shanshu/softinstall/maven/repository/org/springframework/spring-expression/5.2.10.RELEASE/spring-expression-5.2.10.RELEASE.jar:/Users/shanshu/softinstall/maven/repository/org/springframework/boot/spring-boot-starter-data-jpa/2.2.12.BUILD-SNAPSHOT/spring-boot-starter-data-jpa-2.2.12.BUILD-SNAPSHOT.jar:/Users/shanshu/softinstall/maven/repository/org/springframework/boot/spring-boot-starter-aop/2.2.12.BUILD-SNAPSHOT/spring-boot-starter-aop-2.2.12.BUILD-SNAPSHOT.jar:/Users/shanshu/softinstall/maven/repository/org/aspectj/aspectjweaver/1.9.6/aspectjweaver-1.9.6.jar:/Users/shanshu/softinstall/maven/repository/org/springframework/boot/spring-boot-starter-jdbc/2.2.12.BUILD-SNAPSHOT/spring-boot-starter-jdbc-2.2.12.BUILD-SNAPSHOT.jar:/Users/shanshu/softinstall/maven/repository/com/zaxxer/HikariCP/3.4.5/HikariCP-3.4.5.jar:/Users/shanshu/softinstall/maven/repository/org/springframework/spring-jdbc/5.2.10.RELEASE/spring-jdbc-5.2.10.RELEASE.jar:/Users/shanshu/softinstall/maven/repository/jakarta/persistence/jakarta.persistence-api/2.2.3/jakarta.persistence-api-2.2.3.jar:/Users/shanshu/softinstall/maven/repository/jakarta/transaction/jakarta.transaction-api/1.3.3/jakarta.transaction-api-1.3.3.jar:/Users/shanshu/softinstall/maven/repository/org/hibernate/hibernate-core/5.4.22.Final/hibernate-core-5.4.22.Final.jar:/Users/shanshu/softinstall/maven/repository/org/jboss/logging/jboss-logging/3.4.1.Final/jboss-logging-3.4.1.Final.jar:/Users/shanshu/softinstall/maven/repository/org/javassist/javassist/3.24.0-GA/javassist-3.24.0-GA.jar:/Users/shanshu/softinstall/maven/repository/net/bytebuddy/byte-buddy/1.10.17/byte-buddy-1.10.17.jar:/Users/shanshu/softinstall/maven/repository/antlr/antlr/2.7.7/antlr-2.7.7.jar:/Users/shanshu/softinstall/maven/repository/org/jboss/jandex/2.1.3.Final/jandex-2.1.3.Final.jar:/Users/shanshu/softinstall/maven/repository/com/fasterxml/classmate/1.5.1/classmate-1.5.1.jar:/Users/shanshu/softinstall/maven/repository/org/dom4j/dom4j/2.1.3/dom4j-2.1.3.jar:/Users/shanshu/softinstall/maven/repository/org/hibernate/common/hibernate-commons-annotations/5.1.0.Final/hibernate-commons-annotations-5.1.0.Final.jar:/Users/shanshu/softinstall/maven/repository/org/glassfish/jaxb/jaxb-runtime/2.3.3/jaxb-runtime-2.3.3.jar:/Users/shanshu/softinstall/maven/repository/org/glassfish/jaxb/txw2/2.3.3/txw2-2.3.3.jar:/Users/shanshu/softinstall/maven/repository/com/sun/istack/istack-commons-runtime/3.0.11/istack-commons-runtime-3.0.11.jar:/Users/shanshu/softinstall/maven/repository/com/sun/activation/jakarta.activation/1.2.2/jakarta.activation-1.2.2.jar:/Users/shanshu/softinstall/maven/repository/org/springframework/data/spring-data-jpa/2.2.11.RELEASE/spring-data-jpa-2.2.11.RELEASE.jar:/Users/shanshu/softinstall/maven/repository/org/springframework/data/spring-data-commons/2.2.11.RELEASE/spring-data-commons-2.2.11.RELEASE.jar:/Users/shanshu/softinstall/maven/repository/org/springframework/spring-orm/5.2.10.RELEASE/spring-orm-5.2.10.RELEASE.jar:/Users/shanshu/softinstall/maven/repository/org/springframework/spring-tx/5.2.10.RELEASE/spring-tx-5.2.10.RELEASE.jar:/Users/shanshu/softinstall/maven/repository/org/slf4j/slf4j-api/1.7.30/slf4j-api-1.7.30.jar:/Users/shanshu/softinstall/maven/repository/org/springframework/spring-aspects/5.2.10.RELEASE/spring-aspects-5.2.10.RELEASE.jar:/Users/shanshu/softinstall/maven/repository/org/seleniumhq/selenium/selenium-api/3.141.59/selenium-api-3.141.59.jar:/Users/shanshu/softinstall/maven/repository/com/h2database/h2/1.4.200/h2-1.4.200.jar:/Users/shanshu/softinstall/maven/repository/mysql/mysql-connector-java/8.0.22/mysql-connector-java-8.0.22.jar:/Users/shanshu/softinstall/maven/repository/org/springframework/boot/spring-boot-starter-test/2.2.12.BUILD-SNAPSHOT/spring-boot-starter-test-2.2.12.BUILD-SNAPSHOT.jar:/Users/shanshu/softinstall/maven/repository/org/springframework/boot/spring-boot-test/2.2.12.BUILD-SNAPSHOT/spring-boot-test-2.2.12.BUILD-SNAPSHOT.jar:/Users/shanshu/softinstall/maven/repository/org/springframework/boot/spring-boot-test-autoconfigure/2.2.12.BUILD-SNAPSHOT/spring-boot-test-autoconfigure-2.2.12.BUILD-SNAPSHOT.jar:/Users/shanshu/softinstall/maven/repository/com/jayway/jsonpath/json-path/2.4.0/json-path-2.4.0.jar:/Users/shanshu/softinstall/maven/repository/net/minidev/json-smart/2.3/json-smart-2.3.jar:/Users/shanshu/softinstall/maven/repository/net/minidev/accessors-smart/1.2/accessors-smart-1.2.jar:/Users/shanshu/softinstall/maven/repository/org/ow2/asm/asm/5.0.4/asm-5.0.4.jar:/Users/shanshu/softinstall/maven/repository/jakarta/xml/bind/jakarta.xml.bind-api/2.3.3/jakarta.xml.bind-api-2.3.3.jar:/Users/shanshu/softinstall/maven/repository/jakarta/activation/jakarta.activation-api/1.2.2/jakarta.activation-api-1.2.2.jar:/Users/shanshu/softinstall/maven/repository/org/junit/jupiter/junit-jupiter/5.5.2/junit-jupiter-5.5.2.jar:/Users/shanshu/softinstall/maven/repository/org/junit/jupiter/junit-jupiter-api/5.5.2/junit-jupiter-api-5.5.2.jar:/Users/shanshu/softinstall/maven/repository/org/opentest4j/opentest4j/1.2.0/opentest4j-1.2.0.jar:/Users/shanshu/softinstall/maven/repository/org/junit/platform/junit-platform-commons/1.5.2/junit-platform-commons-1.5.2.jar:/Users/shanshu/softinstall/maven/repository/org/junit/jupiter/junit-jupiter-params/5.5.2/junit-jupiter-params-5.5.2.jar:/Users/shanshu/softinstall/maven/repository/org/junit/jupiter/junit-jupiter-engine/5.5.2/junit-jupiter-engine-5.5.2.jar:/Users/shanshu/softinstall/maven/repository/org/junit/vintage/junit-vintage-engine/5.5.2/junit-vintage-engine-5.5.2.jar:/Users/shanshu/softinstall/maven/repository/org/apiguardian/apiguardian-api/1.1.0/apiguardian-api-1.1.0.jar:/Users/shanshu/softinstall/maven/repository/org/junit/platform/junit-platform-engine/1.5.2/junit-platform-engine-1.5.2.jar:/Users/shanshu/softinstall/maven/repository/junit/junit/4.12/junit-4.12.jar:/Users/shanshu/softinstall/maven/repository/org/mockito/mockito-junit-jupiter/3.1.0/mockito-junit-jupiter-3.1.0.jar:/Users/shanshu/softinstall/maven/repository/org/assertj/assertj-core/3.13.2/assertj-core-3.13.2.jar:/Users/shanshu/softinstall/maven/repository/org/hamcrest/hamcrest/2.1/hamcrest-2.1.jar:/Users/shanshu/softinstall/maven/repository/org/mockito/mockito-core/3.1.0/mockito-core-3.1.0.jar:/Users/shanshu/softinstall/maven/repository/net/bytebuddy/byte-buddy-agent/1.10.17/byte-buddy-agent-1.10.17.jar:/Users/shanshu/softinstall/maven/repository/org/objenesis/objenesis/2.6/objenesis-2.6.jar:/Users/shanshu/softinstall/maven/repository/org/skyscreamer/jsonassert/1.5.0/jsonassert-1.5.0.jar:/Users/shanshu/softinstall/maven/repository/com/vaadin/external/google/android-json/0.0.20131108.vaadin1/android-json-0.0.20131108.vaadin1.jar:/Users/shanshu/softinstall/maven/repository/org/springframework/spring-core/5.2.10.RELEASE/spring-core-5.2.10.RELEASE.jar:/Users/shanshu/softinstall/maven/repository/org/springframework/spring-jcl/5.2.10.RELEASE/spring-jcl-5.2.10.RELEASE.jar:/Users/shanshu/softinstall/maven/repository/org/springframework/spring-test/5.2.10.RELEASE/spring-test-5.2.10.RELEASE.jar:/Users/shanshu/softinstall/maven/repository/org/xmlunit/xmlunit-core/2.6.4/xmlunit-core-2.6.4.jar:/Users/shanshu/softinstall/maven/repository/org/seleniumhq/selenium/htmlunit-driver/2.36.0/htmlunit-driver-2.36.0.jar:/Users/shanshu/softinstall/maven/repository/org/seleniumhq/selenium/selenium-support/3.141.59/selenium-support-3.141.59.jar:/Users/shanshu/softinstall/maven/repository/org/seleniumhq/selenium/selenium-remote-driver/3.141.59/selenium-remote-driver-3.141.59.jar:/Users/shanshu/softinstall/maven/repository/org/apache/commons/commons-exec/1.3/commons-exec-1.3.jar:/Users/shanshu/softinstall/maven/repository/com/google/guava/guava/25.0-jre/guava-25.0-jre.jar:/Users/shanshu/softinstall/maven/repository/com/google/code/findbugs/jsr305/1.3.9/jsr305-1.3.9.jar:/Users/shanshu/softinstall/maven/repository/org/checkerframework/checker-compat-qual/2.0.0/checker-compat-qual-2.0.0.jar:/Users/shanshu/softinstall/maven/repository/com/google/errorprone/error_prone_annotations/2.1.3/error_prone_annotations-2.1.3.jar:/Users/shanshu/softinstall/maven/repository/com/google/j2objc/j2objc-annotations/1.1/j2objc-annotations-1.1.jar:/Users/shanshu/softinstall/maven/repository/org/codehaus/mojo/animal-sniffer-annotations/1.14/animal-sniffer-annotations-1.14.jar:/Users/shanshu/softinstall/maven/repository/com/squareup/okhttp3/okhttp/3.14.9/okhttp-3.14.9.jar:/Users/shanshu/softinstall/maven/repository/com/squareup/okio/okio/1.14.0/okio-1.14.0.jar:/Users/shanshu/softinstall/maven/repository/net/sourceforge/htmlunit/htmlunit/2.36.0/htmlunit-2.36.0.jar:/Users/shanshu/softinstall/maven/repository/xalan/xalan/2.7.2/xalan-2.7.2.jar:/Users/shanshu/softinstall/maven/repository/xalan/serializer/2.7.2/serializer-2.7.2.jar:/Users/shanshu/softinstall/maven/repository/org/apache/commons/commons-lang3/3.9/commons-lang3-3.9.jar:/Users/shanshu/softinstall/maven/repository/org/apache/commons/commons-text/1.7/commons-text-1.7.jar:/Users/shanshu/softinstall/maven/repository/org/apache/httpcomponents/httpmime/4.5.13/httpmime-4.5.13.jar:/Users/shanshu/softinstall/maven/repository/org/apache/httpcomponents/httpclient/4.5.13/httpclient-4.5.13.jar:/Users/shanshu/softinstall/maven/repository/org/apache/httpcomponents/httpcore/4.4.13/httpcore-4.4.13.jar:/Users/shanshu/softinstall/maven/repository/commons-codec/commons-codec/1.13/commons-codec-1.13.jar:/Users/shanshu/softinstall/maven/repository/net/sourceforge/htmlunit/htmlunit-core-js/2.36.0/htmlunit-core-js-2.36.0.jar:/Users/shanshu/softinstall/maven/repository/net/sourceforge/htmlunit/neko-htmlunit/2.36.0/neko-htmlunit-2.36.0.jar:/Users/shanshu/softinstall/maven/repository/xerces/xercesImpl/2.12.0/xercesImpl-2.12.0.jar:/Users/shanshu/softinstall/maven/repository/xml-apis/xml-apis/1.4.01/xml-apis-1.4.01.jar:/Users/shanshu/softinstall/maven/repository/net/sourceforge/htmlunit/htmlunit-cssparser/1.5.0/htmlunit-cssparser-1.5.0.jar:/Users/shanshu/softinstall/maven/repository/commons-io/commons-io/2.6/commons-io-2.6.jar:/Users/shanshu/softinstall/maven/repository/commons-net/commons-net/3.6/commons-net-3.6.jar:/Users/shanshu/softinstall/maven/repository/org/brotli/dec/0.1.2/dec-0.1.2.jar:/Users/shanshu/softinstall/maven/repository/org/eclipse/jetty/websocket/websocket-client/9.4.33.v20201020/websocket-client-9.4.33.v20201020.jar:/Users/shanshu/softinstall/maven/repository/org/eclipse/jetty/jetty-client/9.4.33.v20201020/jetty-client-9.4.33.v20201020.jar:/Users/shanshu/softinstall/maven/repository/org/eclipse/jetty/jetty-http/9.4.33.v20201020/jetty-http-9.4.33.v20201020.jar:/Users/shanshu/softinstall/maven/repository/org/eclipse/jetty/jetty-xml/9.4.33.v20201020/jetty-xml-9.4.33.v20201020.jar:/Users/shanshu/softinstall/maven/repository/org/eclipse/jetty/jetty-util/9.4.33.v20201020/jetty-util-9.4.33.v20201020.jar:/Users/shanshu/softinstall/maven/repository/org/eclipse/jetty/jetty-io/9.4.33.v20201020/jetty-io-9.4.33.v20201020.jar:/Users/shanshu/softinstall/maven/repository/org/eclipse/jetty/websocket/websocket-common/9.4.33.v20201020/websocket-common-9.4.33.v20201020.jar:/Users/shanshu/softinstall/maven/repository/org/eclipse/jetty/websocket/websocket-api/9.4.33.v20201020/websocket-api-9.4.33.v20201020.jar:"/>
    <property name="sun.cpu.endian" value="little"/>
    <property name="user.home" value="/Users/shanshu"/>
    <property name="user.language" value="zh"/>
    <property name="java.specification.vendor" value="Oracle Corporation"/>
    <property name="java.home" value="/Library/Java/JavaVirtualMachines/jdk1.8.0_211.jdk/Contents/Home/jre"/>
    <property name="basedir" value="/Users/shanshu/github/mygithub/spring-boot-2.2.x/spring-boot-tests/spring-boot-smoke-tests/spring-boot-smoke-test-test"/>
    <property name="file.separator" value="/"/>
    <property name="line.separator" value="&#10;"/>
    <property name="java.vm.specification.vendor" value="Oracle Corporation"/>
    <property name="java.specification.name" value="Java Platform API Specification"/>
    <property name="java.awt.graphicsenv" value="sun.awt.CGraphicsEnvironment"/>
    <property name="java.awt.headless" value="true"/>
    <property name="surefire.real.class.path" value="/Users/shanshu/github/mygithub/spring-boot-2.2.x/spring-boot-tests/spring-boot-smoke-tests/spring-boot-smoke-test-test/target/surefire/surefirebooter2450877676459731902.jar"/>
    <property name="sun.boot.class.path" value="/Library/Java/JavaVirtualMachines/jdk1.8.0_211.jdk/Contents/Home/jre/lib/resources.jar:/Library/Java/JavaVirtualMachines/jdk1.8.0_211.jdk/Contents/Home/jre/lib/rt.jar:/Library/Java/JavaVirtualMachines/jdk1.8.0_211.jdk/Contents/Home/jre/lib/sunrsasign.jar:/Library/Java/JavaVirtualMachines/jdk1.8.0_211.jdk/Contents/Home/jre/lib/jsse.jar:/Library/Java/JavaVirtualMachines/jdk1.8.0_211.jdk/Contents/Home/jre/lib/jce.jar:/Library/Java/JavaVirtualMachines/jdk1.8.0_211.jdk/Contents/Home/jre/lib/charsets.jar:/Library/Java/JavaVirtualMachines/jdk1.8.0_211.jdk/Contents/Home/jre/lib/jfr.jar:/Library/Java/JavaVirtualMachines/jdk1.8.0_211.jdk/Contents/Home/jre/classes"/>
    <property name="sun.management.compiler" value="HotSpot 64-Bit Tiered Compilers"/>
    <property name="ftp.nonProxyHosts" value="local|*.local|169.254/16|*.169.254/16|172.31.5.187|172.31.1.82|172.31.2.34|internal.cardopt.com|*.internal.cardopt.com|jupyter.internal.cardopt.com|*.jupyter.internal.cardopt.com|jms.internal.cardopt.com|*.jms.internal.cardopt.com|webdav.cardopt.com|*.webdav.cardopt.com|nc.internal.cardopt.com|*.nc.internal.cardopt.com"/>
    <property name="java.runtime.version" value="1.8.0_211-b12"/>
    <property name="scan" value="false"/>
    <property name="user.name" value="shanshu"/>
    <property name="path.separator" value=":"/>
    <property name="java.security.egd" value="file:/dev/./urandom"/>
    <property name="os.version" value="10.14.6"/>
    <property name="java.endorsed.dirs" value="/Library/Java/JavaVirtualMachines/jdk1.8.0_211.jdk/Contents/Home/jre/lib/endorsed"/>
    <property name="java.runtime.name" value="Java(TM) SE Runtime Environment"/>
    <property name="file.encoding" value="UTF-8"/>
    <property name="java.vm.name" value="Java HotSpot(TM) 64-Bit Server VM"/>
    <property name="localRepository" value="/Users/shanshu/softinstall/maven/repository"/>
    <property name="java.vendor.url.bug" value="http://bugreport.sun.com/bugreport/"/>
    <property name="java.io.tmpdir" value="/var/folders/gg/3xrxktw17zxgw0kryspls91w0000gn/T/"/>
    <property name="java.version" value="1.8.0_211"/>
    <property name="user.dir" value="/Users/shanshu/github/mygithub/spring-boot-2.2.x/spring-boot-tests/spring-boot-smoke-tests/spring-boot-smoke-test-test"/>
    <property name="os.arch" value="x86_64"/>
    <property name="java.vm.specification.name" value="Java Virtual Machine Specification"/>
    <property name="java.awt.printerjob" value="sun.lwawt.macosx.CPrinterJob"/>
    <property name="sun.os.patch.level" value="unknown"/>
    <property name="java.library.path" value="/Users/shanshu/Library/Java/Extensions:/Library/Java/Extensions:/Network/Library/Java/Extensions:/System/Library/Java/Extensions:/usr/lib/java:."/>
    <property name="java.vm.info" value="mixed mode"/>
    <property name="java.vendor" value="Oracle Corporation"/>
    <property name="java.vm.version" value="25.211-b12"/>
    <property name="java.ext.dirs" value="/Users/shanshu/Library/Java/Extensions:/Library/Java/JavaVirtualMachines/jdk1.8.0_211.jdk/Contents/Home/jre/lib/ext:/Library/Java/Extensions:/Network/Library/Java/Extensions:/System/Library/Java/Extensions:/usr/lib/java"/>
    <property name="sun.io.unicode.encoding" value="UnicodeBig"/>
    <property name="maven.repo.local" value="/Users/shanshu/softinstall/maven/repository"/>
    <property name="java.class.version" value="52.0"/>
    <property name="socksNonProxyHosts" value="local|*.local|169.254/16|*.169.254/16|172.31.5.187|172.31.1.82|172.31.2.34|internal.cardopt.com|*.internal.cardopt.com|jupyter.internal.cardopt.com|*.jupyter.internal.cardopt.com|jms.internal.cardopt.com|*.jms.internal.cardopt.com|webdav.cardopt.com|*.webdav.cardopt.com|nc.internal.cardopt.com|*.nc.internal.cardopt.com"/>
  </properties>
  <testcase name="test" classname="smoketest.test.SampleTestApplicationWebIntegrationTests" time="0.37"/>
</testsuite>